# JRE version: Java(TM) SE Runtime Environment (8.0_121-b13) (build 1.8.0_121-b13)
# Java VM: Java HotSpot(TM) 64-Bit Server VM (25.121-b13 mixed mode windows-amd64 compressed oops)
Heap:
 PSYoungGen      total 162304K, used 0K [0x00000000f5580000, 0x0000000100000000, 0x0000000100000000)
  eden space 150016K, 0% used [0x00000000f5580000,0x00000000f5580000,0x00000000fe800000)
  from space 12288K, 0% used [0x00000000fe800000,0x00000000fe800000,0x00000000ff400000)
  to   space 12288K, 0% used [0x00000000ff400000,0x00000000ff400000,0x0000000100000000)
 ParOldGen       total 69120K, used 63916K [0x00000000e0000000, 0x00000000e9b00000, 0x00000000f5580000)
  object space 69120K, 92% used [0x00000000e0000000,0x00000000e3e6b118,0x00000000e4380000)
 Metaspace       used 50730K, capacity 51076K, committed 51288K, reserved 1091584K
  class space    used 9892K, capacity 10006K, committed 10112K, reserved 1048576K
GC Heap History (10 events):
Event: 12.945 GC heap after
Heap after GC invocations=10 (full 3):
 PSYoungGen      total 121344K, used 10031K [0x00000000f5580000, 0x0000000100000000, 0x0000000100000000)
  eden space 111104K, 0% used [0x00000000f5580000,0x00000000f5580000,0x00000000fc200000)
  from space 10240K, 97% used [0x00000000fc200000,0x00000000fcbcbe98,0x00000000fcc00000)
  to   space 11776K, 0% used [0x00000000ff480000,0x00000000ff480000,0x0000000100000000)
 ParOldGen       total 69120K, used 10293K [0x00000000e0000000, 0x00000000e4380000, 0x00000000f5580000)
  object space 69120K, 14% used [0x00000000e0000000,0x00000000e0a0d450,0x00000000e4380000)
 Metaspace       used 43113K, capacity 43392K, committed 43736K, reserved 1085440K
  class space    used 8272K, capacity 8358K, committed 8448K, reserved 1048576K
}
Event: 12.945 GC heap before
{Heap before GC invocations=11 (full 4):
 PSYoungGen      total 121344K, used 10031K [0x00000000f5580000, 0x0000000100000000, 0x0000000100000000)
  eden space 111104K, 0% used [0x00000000f5580000,0x00000000f5580000,0x00000000fc200000)
  from space 10240K, 97% used [0x00000000fc200000,0x00000000fcbcbe98,0x00000000fcc00000)
  to   space 11776K, 0% used [0x00000000ff480000,0x00000000ff480000,0x0000000100000000)
 ParOldGen       total 69120K, used 10293K [0x00000000e0000000, 0x00000000e4380000, 0x00000000f5580000)
  object space 69120K, 14% used [0x00000000e0000000,0x00000000e0a0d450,0x00000000e4380000)
 Metaspace       used 43113K, capacity 43392K, committed 43736K, reserved 1085440K
  class space    used 8272K, capacity 8358K, committed 8448K, reserved 1048576K
Event: 13.096 GC heap after
Heap after GC invocations=11 (full 4):
 PSYoungGen      total 121344K, used 0K [0x00000000f5580000, 0x0000000100000000, 0x0000000100000000)
  eden space 111104K, 0% used [0x00000000f5580000,0x00000000f5580000,0x00000000fc200000)
  from space 10240K, 0% used [0x00000000fc200000,0x00000000fc200000,0x00000000fcc00000)
  to   space 11776K, 0% used [0x00000000ff480000,0x00000000ff480000,0x0000000100000000)
 ParOldGen       total 69120K, used 16172K [0x00000000e0000000, 0x00000000e4380000, 0x00000000f5580000)
  object space 69120K, 23% used [0x00000000e0000000,0x00000000e0fcb028,0x00000000e4380000)
 Metaspace       used 43113K, capacity 43392K, committed 43736K, reserved 1085440K
  class space    used 8272K, capacity 8358K, committed 8448K, reserved 1048576K
}
Event: 13.101 GC heap before
{Heap before GC invocations=12 (full 4):
 PSYoungGen      total 121344K, used 5519K [0x00000000f5580000, 0x0000000100000000, 0x0000000100000000)
  eden space 111104K, 4% used [0x00000000f5580000,0x00000000f5ae3e70,0x00000000fc200000)
  from space 10240K, 0% used [0x00000000fc200000,0x00000000fc200000,0x00000000fcc00000)
  to   space 11776K, 0% used [0x00000000ff480000,0x00000000ff480000,0x0000000100000000)
 ParOldGen       total 69120K, used 16172K [0x00000000e0000000, 0x00000000e4380000, 0x00000000f5580000)
  object space 69120K, 23% used [0x00000000e0000000,0x00000000e0fcb028,0x00000000e4380000)
 Metaspace       used 43116K, capacity 43392K, committed 43736K, reserved 1085440K
  class space    used 8273K, capacity 8358K, committed 8448K, reserved 1048576K
Event: 13.103 GC heap after
Heap after GC invocations=12 (full 4):
 PSYoungGen      total 161792K, used 96K [0x00000000f5580000, 0x0000000100000000, 0x0000000100000000)
  eden space 150016K, 0% used [0x00000000f5580000,0x00000000f5580000,0x00000000fe800000)
  from space 11776K, 0% used [0x00000000ff480000,0x00000000ff498000,0x0000000100000000)
  to   space 12288K, 0% used [0x00000000fe800000,0x00000000fe800000,0x00000000ff400000)
 ParOldGen       total 69120K, used 16172K [0x00000000e0000000, 0x00000000e4380000, 0x00000000f5580000)
  object space 69120K, 23% used [0x00000000e0000000,0x00000000e0fcb028,0x00000000e4380000)
 Metaspace       used 43116K, capacity 43392K, committed 43736K, reserved 1085440K
  class space    used 8273K, capacity 8358K, committed 8448K, reserved 1048576K
}
Event: 13.103 GC heap before
{Heap before GC invocations=13 (full 5):
 PSYoungGen      total 161792K, used 96K [0x00000000f5580000, 0x0000000100000000, 0x0000000100000000)
  eden space 150016K, 0% used [0x00000000f5580000,0x00000000f5580000,0x00000000fe800000)
  from space 11776K, 0% used [0x00000000ff480000,0x00000000ff498000,0x0000000100000000)
  to   space 12288K, 0% used [0x00000000fe800000,0x00000000fe800000,0x00000000ff400000)
 ParOldGen       total 69120K, used 16172K [0x00000000e0000000, 0x00000000e4380000, 0x00000000f5580000)
  object space 69120K, 23% used [0x00000000e0000000,0x00000000e0fcb028,0x00000000e4380000)
 Metaspace       used 43116K, capacity 43392K, committed 43736K, reserved 1085440K
  class space    used 8273K, capacity 8358K, committed 8448K, reserved 1048576K
Event: 13.172 GC heap after
Heap after GC invocations=13 (full 5):
 PSYoungGen      total 161792K, used 0K [0x00000000f5580000, 0x0000000100000000, 0x0000000100000000)
  eden space 150016K, 0% used [0x00000000f5580000,0x00000000f5580000,0x00000000fe800000)
  from space 11776K, 0% used [0x00000000ff480000,0x00000000ff480000,0x0000000100000000)
  to   space 12288K, 0% used [0x00000000fe800000,0x00000000fe800000,0x00000000ff400000)
 ParOldGen       total 69120K, used 11009K [0x00000000e0000000, 0x00000000e4380000, 0x00000000f5580000)
  object space 69120K, 15% used [0x00000000e0000000,0x00000000e0ac07c0,0x00000000e4380000)
 Metaspace       used 43116K, capacity 43392K, committed 43736K, reserved 1085440K
  class space    used 8273K, capacity 8358K, committed 8448K, reserved 1048576K
}
Event: 15.922 GC heap before
{Heap before GC invocations=14 (full 5):
 PSYoungGen      total 161792K, used 150016K [0x00000000f5580000, 0x0000000100000000, 0x0000000100000000)
  eden space 150016K, 100% used [0x00000000f5580000,0x00000000fe800000,0x00000000fe800000)
  from space 11776K, 0% used [0x00000000ff480000,0x00000000ff480000,0x0000000100000000)
  to   space 12288K, 0% used [0x00000000fe800000,0x00000000fe800000,0x00000000ff400000)
 ParOldGen       total 69120K, used 11009K [0x00000000e0000000, 0x00000000e4380000, 0x00000000f5580000)
  object space 69120K, 15% used [0x00000000e0000000,0x00000000e0ac07c0,0x00000000e4380000)
 Metaspace       used 50730K, capacity 51076K, committed 51288K, reserved 1091584K
  class space    used 9892K, capacity 10006K, committed 10112K, reserved 1048576K
Event: 15.978 GC heap after
Heap after GC invocations=14 (full 5):
 PSYoungGen      total 162304K, used 12272K [0x00000000f5580000, 0x0000000100000000, 0x0000000100000000)
  eden space 150016K, 0% used [0x00000000f5580000,0x00000000f5580000,0x00000000fe800000)
  from space 12288K, 99% used [0x00000000fe800000,0x00000000ff3fc160,0x00000000ff400000)
  to   space 12288K, 0% used [0x00000000ff400000,0x00000000ff400000,0x0000000100000000)
 ParOldGen       total 69120K, used 52826K [0x00000000e0000000, 0x00000000e4380000, 0x00000000f5580000)
  object space 69120K, 76% used [0x00000000e0000000,0x00000000e3396b68,0x00000000e4380000)
 Metaspace       used 50730K, capacity 51076K, committed 51288K, reserved 1091584K
  class space    used 9892K, capacity 10006K, committed 10112K, reserved 1048576K
}
Event: 15.978 GC heap before
{Heap before GC invocations=15 (full 6):
 PSYoungGen      total 162304K, used 12272K [0x00000000f5580000, 0x0000000100000000, 0x0000000100000000)
  eden space 150016K, 0% used [0x00000000f5580000,0x00000000f5580000,0x00000000fe800000)
  from space 12288K, 99% used [0x00000000fe800000,0x00000000ff3fc160,0x00000000ff400000)
  to   space 12288K, 0% used [0x00000000ff400000,0x00000000ff400000,0x0000000100000000)
 ParOldGen       total 69120K, used 52826K [0x00000000e0000000, 0x00000000e4380000, 0x00000000f5580000)
  object space 69120K, 76% used [0x00000000e0000000,0x00000000e3396b68,0x00000000e4380000)
 Metaspace       used 50730K, capacity 51076K, committed 51288K, reserved 1091584K
  class space    used 9892K, capacity 10006K, committed 10112K, reserved 1048576K

