# JRE version: Java(TM) SE Runtime Environment (8.0_121-b13) (build 1.8.0_121-b13)
# Java VM: Java HotSpot(TM) 64-Bit Server VM (25.121-b13 mixed mode windows-amd64 compressed oops)
Heap:
 PSYoungGen      total 38400K, used 17160K [0x00000000d5f00000, 0x00000000d8980000, 0x0000000100000000)
  eden space 33280K, 51% used [0x00000000d5f00000,0x00000000d6fc21f8,0x00000000d7f80000)
  from space 5120K, 0% used [0x00000000d7f80000,0x00000000d7f80000,0x00000000d8480000)
  to   space 5120K, 0% used [0x00000000d8480000,0x00000000d8480000,0x00000000d8980000)
 ParOldGen       total 87552K, used 30113K [0x0000000081c00000, 0x0000000087180000, 0x00000000d5f00000)
  object space 87552K, 34% used [0x0000000081c00000,0x00000000839684f0,0x0000000087180000)
 Metaspace       used 23102K, capacity 23201K, committed 23424K, reserved 1073152K
  class space    used 3371K, capacity 3404K, committed 3456K, reserved 1048576K
GC Heap History (8 events):
Event: 2.272 GC heap before
{Heap before GC invocations=1 (full 0):
 PSYoungGen      total 38400K, used 33280K [0x00000000d5f00000, 0x00000000d8980000, 0x0000000100000000)
  eden space 33280K, 100% used [0x00000000d5f00000,0x00000000d7f80000,0x00000000d7f80000)
  from space 5120K, 0% used [0x00000000d8480000,0x00000000d8480000,0x00000000d8980000)
  to   space 5120K, 0% used [0x00000000d7f80000,0x00000000d7f80000,0x00000000d8480000)
 ParOldGen       total 87552K, used 0K [0x0000000081c00000, 0x0000000087180000, 0x00000000d5f00000)
  object space 87552K, 0% used [0x0000000081c00000,0x0000000081c00000,0x0000000087180000)
 Metaspace       used 14307K, capacity 14428K, committed 14592K, reserved 1060864K
  class space    used 2169K, capacity 2188K, committed 2304K, reserved 1048576K
Event: 2.303 GC heap after
Heap after GC invocations=1 (full 0):
 PSYoungGen      total 38400K, used 5115K [0x00000000d5f00000, 0x00000000d8980000, 0x0000000100000000)
  eden space 33280K, 0% used [0x00000000d5f00000,0x00000000d5f00000,0x00000000d7f80000)
  from space 5120K, 99% used [0x00000000d7f80000,0x00000000d847ee90,0x00000000d8480000)
  to   space 5120K, 0% used [0x00000000d8480000,0x00000000d8480000,0x00000000d8980000)
 ParOldGen       total 87552K, used 6357K [0x0000000081c00000, 0x0000000087180000, 0x00000000d5f00000)
  object space 87552K, 7% used [0x0000000081c00000,0x0000000082235560,0x0000000087180000)
 Metaspace       used 14307K, capacity 14428K, committed 14592K, reserved 1060864K
  class space    used 2169K, capacity 2188K, committed 2304K, reserved 1048576K
}
Event: 3.276 GC heap before
{Heap before GC invocations=2 (full 0):
 PSYoungGen      total 38400K, used 38380K [0x00000000d5f00000, 0x00000000d8980000, 0x0000000100000000)
  eden space 33280K, 99% used [0x00000000d5f00000,0x00000000d7f7c470,0x00000000d7f80000)
  from space 5120K, 99% used [0x00000000d7f80000,0x00000000d847ee90,0x00000000d8480000)
  to   space 5120K, 0% used [0x00000000d8480000,0x00000000d8480000,0x00000000d8980000)
 ParOldGen       total 87552K, used 6357K [0x0000000081c00000, 0x0000000087180000, 0x00000000d5f00000)
  object space 87552K, 7% used [0x0000000081c00000,0x0000000082235560,0x0000000087180000)
 Metaspace       used 16287K, capacity 16412K, committed 16640K, reserved 1062912K
  class space    used 2461K, capacity 2508K, committed 2560K, reserved 1048576K
Event: 3.326 GC heap after
Heap after GC invocations=2 (full 0):
 PSYoungGen      total 38400K, used 5099K [0x00000000d5f00000, 0x00000000d8980000, 0x0000000100000000)
  eden space 33280K, 0% used [0x00000000d5f00000,0x00000000d5f00000,0x00000000d7f80000)
  from space 5120K, 99% used [0x00000000d8480000,0x00000000d897ae60,0x00000000d8980000)
  to   space 5120K, 0% used [0x00000000d7f80000,0x00000000d7f80000,0x00000000d8480000)
 ParOldGen       total 87552K, used 24375K [0x0000000081c00000, 0x0000000087180000, 0x00000000d5f00000)
  object space 87552K, 27% used [0x0000000081c00000,0x00000000833cdfe8,0x0000000087180000)
 Metaspace       used 16287K, capacity 16412K, committed 16640K, reserved 1062912K
  class space    used 2461K, capacity 2508K, committed 2560K, reserved 1048576K
}
Event: 4.174 GC heap before
{Heap before GC invocations=3 (full 0):
 PSYoungGen      total 38400K, used 22431K [0x00000000d5f00000, 0x00000000d8980000, 0x0000000100000000)
  eden space 33280K, 52% used [0x00000000d5f00000,0x00000000d6fecf80,0x00000000d7f80000)
  from space 5120K, 99% used [0x00000000d8480000,0x00000000d897ae60,0x00000000d8980000)
  to   space 5120K, 0% used [0x00000000d7f80000,0x00000000d7f80000,0x00000000d8480000)
 ParOldGen       total 87552K, used 24375K [0x0000000081c00000, 0x0000000087180000, 0x00000000d5f00000)
  object space 87552K, 27% used [0x0000000081c00000,0x00000000833cdfe8,0x0000000087180000)
 Metaspace       used 21002K, capacity 21057K, committed 21248K, reserved 1067008K
  class space    used 3014K, capacity 3052K, committed 3072K, reserved 1048576K
Event: 4.214 GC heap after
Heap after GC invocations=3 (full 0):
 PSYoungGen      total 38400K, used 5099K [0x00000000d5f00000, 0x00000000d8980000, 0x0000000100000000)
  eden space 33280K, 0% used [0x00000000d5f00000,0x00000000d5f00000,0x00000000d7f80000)
  from space 5120K, 99% used [0x00000000d7f80000,0x00000000d847ae40,0x00000000d8480000)
  to   space 5120K, 0% used [0x00000000d8480000,0x00000000d8480000,0x00000000d8980000)
 ParOldGen       total 87552K, used 28087K [0x0000000081c00000, 0x0000000087180000, 0x00000000d5f00000)
  object space 87552K, 32% used [0x0000000081c00000,0x000000008376dd68,0x0000000087180000)
 Metaspace       used 21002K, capacity 21057K, committed 21248K, reserved 1067008K
  class space    used 3014K, capacity 3052K, committed 3072K, reserved 1048576K
}
Event: 4.214 GC heap before
{Heap before GC invocations=4 (full 1):
 PSYoungGen      total 38400K, used 5099K [0x00000000d5f00000, 0x00000000d8980000, 0x0000000100000000)
  eden space 33280K, 0% used [0x00000000d5f00000,0x00000000d5f00000,0x00000000d7f80000)
  from space 5120K, 99% used [0x00000000d7f80000,0x00000000d847ae40,0x00000000d8480000)
  to   space 5120K, 0% used [0x00000000d8480000,0x00000000d8480000,0x00000000d8980000)
 ParOldGen       total 87552K, used 28087K [0x0000000081c00000, 0x0000000087180000, 0x00000000d5f00000)
  object space 87552K, 32% used [0x0000000081c00000,0x000000008376dd68,0x0000000087180000)
 Metaspace       used 21002K, capacity 21057K, committed 21248K, reserved 1067008K
  class space    used 3014K, capacity 3052K, committed 3072K, reserved 1048576K
Event: 4.469 GC heap after
Heap after GC invocations=4 (full 1):
 PSYoungGen      total 38400K, used 0K [0x00000000d5f00000, 0x00000000d8980000, 0x0000000100000000)
  eden space 33280K, 0% used [0x00000000d5f00000,0x00000000d5f00000,0x00000000d7f80000)
  from space 5120K, 0% used [0x00000000d7f80000,0x00000000d7f80000,0x00000000d8480000)
  to   space 5120K, 0% used [0x00000000d8480000,0x00000000d8480000,0x00000000d8980000)
 ParOldGen       total 87552K, used 30113K [0x0000000081c00000, 0x0000000087180000, 0x00000000d5f00000)
  object space 87552K, 34% used [0x0000000081c00000,0x00000000839684f0,0x0000000087180000)
 Metaspace       used 21002K, capacity 21057K, committed 21248K, reserved 1067008K
  class space    used 3014K, capacity 3052K, committed 3072K, reserved 1048576K
}

